Using pre-set license
Built from '2020.3/release' branch; Version is '2020.3.7f1 (dd97f2c94397) revision 14522354'; Using compiler version '192528614'; Build Type 'Release'
OS: 'Windows 10 Pro; OS build 19042.985; Version 2009; 64bit' Language: 'en' Physical Memory: 16297 MB
BatchMode: 1, IsHumanControllingUs: 0, StartBugReporterOnCrash: 0, Is64bit: 1, IsPro: 0

 COMMAND LINE ARGUMENTS:
C:\Program Files\Unity Editors\2020.3.7f1\Editor\Unity.exe
-adb2
-batchMode
-noUpm
-name
AssetImportWorker0
-projectPath
C:/Users/Lord/Documents/Real Documents/GitHubProjects/VRSmoothCamUnity/VRSmoothCamUnityProject
-logFile
Logs/AssetImportWorker0.log
-srvPort
51430
Successfully changed project path to: C:/Users/Lord/Documents/Real Documents/GitHubProjects/VRSmoothCamUnity/VRSmoothCamUnityProject
C:/Users/Lord/Documents/Real Documents/GitHubProjects/VRSmoothCamUnity/VRSmoothCamUnityProject
Using Asset Import Pipeline V2.
Refreshing native plugins compatible for Editor in 41.05 ms, found 8 plugins.
Preloading 0 native plugins for Editor in 0.00 ms.
Initialize engine version: 2020.3.7f1 (dd97f2c94397)
[Subsystems] Discovering subsystems at path C:/Program Files/Unity Editors/2020.3.7f1/Editor/Data/Resources/UnitySubsystems
[Subsystems] Discovering subsystems at path C:/Users/Lord/Documents/Real Documents/GitHubProjects/VRSmoothCamUnity/VRSmoothCamUnityProject/Assets
GfxDevice: creating device client; threaded=0
Direct3D:
    Version:  Direct3D 11.0 [level 11.1]
    Renderer: NVIDIA GeForce RTX 2080 SUPER (ID=0x1e81)
    Vendor:   
    VRAM:     8010 MB
    Driver:   27.21.14.6079
Initialize mono
Mono path[0] = 'C:/Program Files/Unity Editors/2020.3.7f1/Editor/Data/Managed'
Mono path[1] = 'C:/Program Files/Unity Editors/2020.3.7f1/Editor/Data/MonoBleedingEdge/lib/mono/unityjit'
Mono config path = 'C:/Program Files/Unity Editors/2020.3.7f1/Editor/Data/MonoBleedingEdge/etc'
Using monoOptions --debugger-agent=transport=dt_socket,embedding=1,server=y,suspend=n,address=127.0.0.1:56720
Begin MonoManager ReloadAssembly
Registering precompiled unity dll's ...
Register platform support module: C:/Program Files/Unity Editors/2020.3.7f1/Editor/Data/PlaybackEngines/WindowsStandaloneSupport/UnityEditor.WindowsStandalone.Extensions.dll
Registered in 0.001597 seconds.
Native extension for WindowsStandalone target not found
Refreshing native plugins compatible for Editor in 32.78 ms, found 8 plugins.
Preloading 0 native plugins for Editor in 0.00 ms.
Mono: successfully reloaded assembly
- Completed reload, in  1.425 seconds
Platform modules already initialized, skipping
Registering precompiled user dll's ...
Registered in 0.003799 seconds.
Begin MonoManager ReloadAssembly
Native extension for WindowsStandalone target not found
Refreshing native plugins compatible for Editor in 32.45 ms, found 8 plugins.
Preloading 0 native plugins for Editor in 0.00 ms.
Mono: successfully reloaded assembly
- Completed reload, in  0.868 seconds
Platform modules already initialized, skipping
========================================================================
Worker process is ready to serve import requests
Launched and connected shader compiler UnityShaderCompiler.exe after 0.03 seconds
Refreshing native plugins compatible for Editor in 0.56 ms, found 8 plugins.
Preloading 0 native plugins for Editor in 0.00 ms.
Unloading 1871 Unused Serialized files (Serialized files now loaded: 0)
System memory in use before: 159.9 MB.
System memory in use after: 159.8 MB.

Unloading 36 unused Assets to reduce memory usage. Loaded Objects now: 2324.
Total: 2.821900 ms (FindLiveObjects: 0.282400 ms CreateObjectMapping: 0.046800 ms MarkObjects: 2.399700 ms  DeleteObjects: 0.091300 ms)

========================================================================
Received Import Request.
  path: Assets/VRSmoothCam/SmoothCamSettings.asset
  artifactKey: Guid(77d20eed88788c54b80ee7b1e4742964) Importer(815301076,1909f56bfc062723c751e8b465ee728b)
Start importing Assets/VRSmoothCam/SmoothCamSettings.asset using Guid(77d20eed88788c54b80ee7b1e4742964) Importer(815301076,1909f56bfc062723c751e8b465ee728b)  -> (artifact id: 'c1e6b086de383edaa4e68eddd3e66cb6') in 0.037785 seconds
  Import took 0.041172 seconds .

========================================================================
Received Import Request.
  Time since last request: 259.911929 seconds.
  path: Assets/Recording/VRHeadMoveDemo.anim
  artifactKey: Guid(3fc5e0b09b53f7546b968afc0ad7cc20) Importer(815301076,1909f56bfc062723c751e8b465ee728b)
Start importing Assets/Recording/VRHeadMoveDemo.anim using Guid(3fc5e0b09b53f7546b968afc0ad7cc20) Importer(815301076,1909f56bfc062723c751e8b465ee728b)  -> (artifact id: '6c49e56aa8ae1648922f37cb9f58a1da') in 0.007937 seconds
  Import took 0.011088 seconds .

========================================================================
Received Prepare
Registering precompiled user dll's ...
Registered in 0.004153 seconds.
Begin MonoManager ReloadAssembly
Native extension for WindowsStandalone target not found
Refreshing native plugins compatible for Editor in 0.54 ms, found 8 plugins.
Preloading 0 native plugins for Editor in 0.00 ms.
Mono: successfully reloaded assembly
- Completed reload, in  0.757 seconds
Platform modules already initialized, skipping
Refreshing native plugins compatible for Editor in 0.52 ms, found 8 plugins.
Preloading 0 native plugins for Editor in 0.00 ms.
Unloading 1852 Unused Serialized files (Serialized files now loaded: 0)
System memory in use before: 158.5 MB.
System memory in use after: 158.6 MB.

Unloading 29 unused Assets to reduce memory usage. Loaded Objects now: 2329.
Total: 1.874700 ms (FindLiveObjects: 0.224500 ms CreateObjectMapping: 0.044000 ms MarkObjects: 1.553900 ms  DeleteObjects: 0.050800 ms)

========================================================================
Received Import Request.
  Time since last request: 351.702891 seconds.
  path: Assets/Recording/VRHeadMoveDemoController.controller
  artifactKey: Guid(01d48c1b12533c141bdb89a6c89686ea) Importer(815301076,1909f56bfc062723c751e8b465ee728b)
Start importing Assets/Recording/VRHeadMoveDemoController.controller using Guid(01d48c1b12533c141bdb89a6c89686ea) Importer(815301076,1909f56bfc062723c751e8b465ee728b)  -> (artifact id: '5d9fb2b87367d3ea25264e47595b109c') in 0.017705 seconds
  Import took 0.020948 seconds .

========================================================================
Received Import Request.
  Time since last request: 129.417709 seconds.
  path: Assets/Recording/VRHeadMoveDemo.anim
  artifactKey: Guid(3fc5e0b09b53f7546b968afc0ad7cc20) Importer(815301076,1909f56bfc062723c751e8b465ee728b)
Start importing Assets/Recording/VRHeadMoveDemo.anim using Guid(3fc5e0b09b53f7546b968afc0ad7cc20) Importer(815301076,1909f56bfc062723c751e8b465ee728b)  -> (artifact id: '6d7e1b9ae70e39f3a160949029e7adad') in 0.074587 seconds
  Import took 0.077432 seconds .

========================================================================
Received Prepare
Registering precompiled user dll's ...
Registered in 0.003723 seconds.
Begin MonoManager ReloadAssembly
Native extension for WindowsStandalone target not found
Refreshing native plugins compatible for Editor in 0.51 ms, found 8 plugins.
Preloading 0 native plugins for Editor in 0.00 ms.
Mono: successfully reloaded assembly
- Completed reload, in  0.741 seconds
Platform modules already initialized, skipping
Refreshing native plugins compatible for Editor in 0.60 ms, found 8 plugins.
Preloading 0 native plugins for Editor in 0.00 ms.
Unloading 1852 Unused Serialized files (Serialized files now loaded: 0)
System memory in use before: 158.6 MB.
System memory in use after: 158.7 MB.

Unloading 29 unused Assets to reduce memory usage. Loaded Objects now: 2333.
Total: 1.752000 ms (FindLiveObjects: 0.172900 ms CreateObjectMapping: 0.043400 ms MarkObjects: 1.489800 ms  DeleteObjects: 0.045100 ms)

========================================================================
Received Prepare
Registering precompiled user dll's ...
Registered in 0.003814 seconds.
Begin MonoManager ReloadAssembly
Native extension for WindowsStandalone target not found
Refreshing native plugins compatible for Editor in 0.51 ms, found 8 plugins.
Preloading 0 native plugins for Editor in 0.00 ms.
Mono: successfully reloaded assembly
- Completed reload, in  0.743 seconds
Platform modules already initialized, skipping
Refreshing native plugins compatible for Editor in 0.53 ms, found 8 plugins.
Preloading 0 native plugins for Editor in 0.00 ms.
Unloading 1852 Unused Serialized files (Serialized files now loaded: 0)
System memory in use before: 158.6 MB.
System memory in use after: 158.7 MB.

Unloading 29 unused Assets to reduce memory usage. Loaded Objects now: 2337.
Total: 2.413100 ms (FindLiveObjects: 0.204700 ms CreateObjectMapping: 0.044100 ms MarkObjects: 2.104900 ms  DeleteObjects: 0.058100 ms)

========================================================================
Received Prepare
Registering precompiled user dll's ...
Registered in 0.003799 seconds.
Begin MonoManager ReloadAssembly
Native extension for WindowsStandalone target not found
Refreshing native plugins compatible for Editor in 0.52 ms, found 8 plugins.
Preloading 0 native plugins for Editor in 0.00 ms.
Mono: successfully reloaded assembly
- Completed reload, in  0.754 seconds
Platform modules already initialized, skipping
Refreshing native plugins compatible for Editor in 0.51 ms, found 8 plugins.
Preloading 0 native plugins for Editor in 0.00 ms.
Unloading 1852 Unused Serialized files (Serialized files now loaded: 0)
System memory in use before: 158.6 MB.
System memory in use after: 158.7 MB.

Unloading 29 unused Assets to reduce memory usage. Loaded Objects now: 2341.
Total: 2.009700 ms (FindLiveObjects: 0.278600 ms CreateObjectMapping: 0.042800 ms MarkObjects: 1.635100 ms  DeleteObjects: 0.052500 ms)

========================================================================
Received Prepare
Registering precompiled user dll's ...
Registered in 0.003780 seconds.
Begin MonoManager ReloadAssembly
Native extension for WindowsStandalone target not found
Refreshing native plugins compatible for Editor in 0.54 ms, found 8 plugins.
Preloading 0 native plugins for Editor in 0.00 ms.
Mono: successfully reloaded assembly
- Completed reload, in  0.740 seconds
Platform modules already initialized, skipping
Refreshing native plugins compatible for Editor in 0.53 ms, found 8 plugins.
Preloading 0 native plugins for Editor in 0.00 ms.
Unloading 1852 Unused Serialized files (Serialized files now loaded: 0)
System memory in use before: 158.6 MB.
System memory in use after: 158.7 MB.

Unloading 29 unused Assets to reduce memory usage. Loaded Objects now: 2345.
Total: 1.979200 ms (FindLiveObjects: 0.232600 ms CreateObjectMapping: 0.043200 ms MarkObjects: 1.644700 ms  DeleteObjects: 0.057600 ms)

========================================================================
Received Prepare
Registering precompiled user dll's ...
Registered in 0.004153 seconds.
Begin MonoManager ReloadAssembly
Native extension for WindowsStandalone target not found
Refreshing native plugins compatible for Editor in 0.52 ms, found 8 plugins.
Preloading 0 native plugins for Editor in 0.00 ms.
Mono: successfully reloaded assembly
- Completed reload, in  0.744 seconds
Platform modules already initialized, skipping
Refreshing native plugins compatible for Editor in 0.51 ms, found 8 plugins.
Preloading 0 native plugins for Editor in 0.00 ms.
Unloading 1852 Unused Serialized files (Serialized files now loaded: 0)
System memory in use before: 158.7 MB.
System memory in use after: 158.7 MB.

Unloading 29 unused Assets to reduce memory usage. Loaded Objects now: 2349.
Total: 2.083500 ms (FindLiveObjects: 0.226900 ms CreateObjectMapping: 0.045600 ms MarkObjects: 1.751800 ms  DeleteObjects: 0.058200 ms)

========================================================================
Received Import Request.
  Time since last request: 1082.352862 seconds.
  path: Assets/VRSmoothCam/SmoothCamSettings.asset
  artifactKey: Guid(77d20eed88788c54b80ee7b1e4742964) Importer(815301076,1909f56bfc062723c751e8b465ee728b)
Start importing Assets/VRSmoothCam/SmoothCamSettings.asset using Guid(77d20eed88788c54b80ee7b1e4742964) Importer(815301076,1909f56bfc062723c751e8b465ee728b)  -> (artifact id: '15028a182ff0de79b0c3301cda1195d9') in 0.019403 seconds
  Import took 0.022702 seconds .

========================================================================
Received Import Request.
  Time since last request: 5.125181 seconds.
  path: Assets/Scenes/SampleScene.unity
  artifactKey: Guid(9fc0d4010bbf28b4594072e72b8655ab) Importer(815301076,1909f56bfc062723c751e8b465ee728b)
Start importing Assets/Scenes/SampleScene.unity using Guid(9fc0d4010bbf28b4594072e72b8655ab) Importer(815301076,1909f56bfc062723c751e8b465ee728b)  -> (artifact id: '70de0aa7121e7cd3330331481fe750f4') in 0.006554 seconds
  Import took 0.009458 seconds .

========================================================================
Received Import Request.
  Time since last request: 6.833664 seconds.
  path: Assets/Scenes/DemoScene.unity
  artifactKey: Guid(9fc0d4010bbf28b4594072e72b8655ab) Importer(815301076,1909f56bfc062723c751e8b465ee728b)
Start importing Assets/Scenes/DemoScene.unity using Guid(9fc0d4010bbf28b4594072e72b8655ab) Importer(815301076,1909f56bfc062723c751e8b465ee728b)  -> (artifact id: '32092e825f2fc0f2a5f08fe16a390fd5') in 0.006329 seconds
  Import took 0.009297 seconds .

========================================================================
Received Prepare
Registering precompiled user dll's ...
Registered in 0.003956 seconds.
Begin MonoManager ReloadAssembly
Native extension for WindowsStandalone target not found
Refreshing native plugins compatible for Editor in 0.53 ms, found 8 plugins.
Preloading 0 native plugins for Editor in 0.00 ms.
Mono: successfully reloaded assembly
- Completed reload, in  0.770 seconds
Platform modules already initialized, skipping
Refreshing native plugins compatible for Editor in 0.57 ms, found 8 plugins.
Preloading 0 native plugins for Editor in 0.00 ms.
Unloading 1852 Unused Serialized files (Serialized files now loaded: 0)
System memory in use before: 158.7 MB.
System memory in use after: 158.8 MB.

Unloading 29 unused Assets to reduce memory usage. Loaded Objects now: 2353.
Total: 1.832400 ms (FindLiveObjects: 0.187300 ms CreateObjectMapping: 0.045000 ms MarkObjects: 1.552000 ms  DeleteObjects: 0.046800 ms)

========================================================================
Received Prepare
Registering precompiled user dll's ...
Registered in 0.003997 seconds.
Begin MonoManager ReloadAssembly
Native extension for WindowsStandalone target not found
Refreshing native plugins compatible for Editor in 0.57 ms, found 8 plugins.
Preloading 0 native plugins for Editor in 0.00 ms.
Mono: successfully reloaded assembly
- Completed reload, in  0.763 seconds
Platform modules already initialized, skipping
Refreshing native plugins compatible for Editor in 0.51 ms, found 8 plugins.
Preloading 0 native plugins for Editor in 0.00 ms.
Unloading 1852 Unused Serialized files (Serialized files now loaded: 0)
System memory in use before: 158.7 MB.
System memory in use after: 158.8 MB.

Unloading 29 unused Assets to reduce memory usage. Loaded Objects now: 2357.
Total: 1.818200 ms (FindLiveObjects: 0.183000 ms CreateObjectMapping: 0.044500 ms MarkObjects: 1.541500 ms  DeleteObjects: 0.048100 ms)

========================================================================
Received Prepare
Registering precompiled user dll's ...
Registered in 0.004222 seconds.
Begin MonoManager ReloadAssembly
Native extension for WindowsStandalone target not found
Refreshing native plugins compatible for Editor in 0.52 ms, found 8 plugins.
Preloading 0 native plugins for Editor in 0.00 ms.
Mono: successfully reloaded assembly
- Completed reload, in  0.757 seconds
Platform modules already initialized, skipping
Refreshing native plugins compatible for Editor in 0.50 ms, found 8 plugins.
Preloading 0 native plugins for Editor in 0.00 ms.
Unloading 1852 Unused Serialized files (Serialized files now loaded: 0)
System memory in use before: 158.7 MB.
System memory in use after: 158.8 MB.

Unloading 29 unused Assets to reduce memory usage. Loaded Objects now: 2361.
Total: 1.809300 ms (FindLiveObjects: 0.176900 ms CreateObjectMapping: 0.045100 ms MarkObjects: 1.541000 ms  DeleteObjects: 0.045300 ms)

